-------------------------------------------------------------------------------
Test set: com.db.bex.dbTrainingEnroll.DbTrainingEnrollApplicationTests
-------------------------------------------------------------------------------
Tests run: 1, Failures: 0, Errors: 1, Skipped: 0, Time elapsed: 7.417 s <<< FAILURE! - in com.db.bex.dbTrainingEnroll.DbTrainingEnrollApplicationTests
contextLoads(com.db.bex.dbTrainingEnroll.DbTrainingEnrollApplicationTests)  Time elapsed: 0.001 s  <<< ERROR!
java.lang.IllegalStateException: Failed to load ApplicationContext
Caused by: org.springframework.beans.factory.UnsatisfiedDependencyException: Error creating bean with name 'userController' defined in file [C:\Users\paras\IdeaProjects\dbTrainingEnroll\target\classes\com\db\bex\dbTrainingEnroll\controller\UserController.class]: Unsatisfied dependency expressed through constructor parameter 2; nested exception is org.springframework.beans.factory.UnsatisfiedDependencyException: Error creating bean with name 'emailService' defined in file [C:\Users\paras\IdeaProjects\dbTrainingEnroll\target\classes\com\db\bex\dbTrainingEnroll\service\EmailService.class]: Unsatisfied dependency expressed through constructor parameter 0; nested exception is org.springframework.beans.factory.NoSuchBeanDefinitionException: No qualifying bean of type 'org.springframework.mail.javamail.JavaMailSender' available: expected at least 1 bean which qualifies as autowire candidate. Dependency annotations: {}
Caused by: org.springframework.beans.factory.UnsatisfiedDependencyException: Error creating bean with name 'emailService' defined in file [C:\Users\paras\IdeaProjects\dbTrainingEnroll\target\classes\com\db\bex\dbTrainingEnroll\service\EmailService.class]: Unsatisfied dependency expressed through constructor parameter 0; nested exception is org.springframework.beans.factory.NoSuchBeanDefinitionException: No qualifying bean of type 'org.springframework.mail.javamail.JavaMailSender' available: expected at least 1 bean which qualifies as autowire candidate. Dependency annotations: {}
Caused by: org.springframework.beans.factory.NoSuchBeanDefinitionException: No qualifying bean of type 'org.springframework.mail.javamail.JavaMailSender' available: expected at least 1 bean which qualifies as autowire candidate. Dependency annotations: {}

